[0.019s] Invoking command in '/home/user/ros2_ws/build/my_package': CMAKE_PREFIX_PATH=${CMAKE_PREFIX_PATH}:/home/simulations/ros2_sims_ws/install/services_pkg:/home/simulations/ros2_sims_ws/install/parameter_tests:/opt/ros/humble _=/usr/bin/env /usr/bin/cmake --build /home/user/ros2_ws/build/my_package -- -j8 -l8
[0.056s] Invoked command in '/home/user/ros2_ws/build/my_package' returned '0': CMAKE_PREFIX_PATH=${CMAKE_PREFIX_PATH}:/home/simulations/ros2_sims_ws/install/services_pkg:/home/simulations/ros2_sims_ws/install/parameter_tests:/opt/ros/humble _=/usr/bin/env /usr/bin/cmake --build /home/user/ros2_ws/build/my_package -- -j8 -l8
[0.092s] Invoking command in '/home/user/ros2_ws/build/my_package': CMAKE_PREFIX_PATH=${CMAKE_PREFIX_PATH}:/home/simulations/ros2_sims_ws/install/services_pkg:/home/simulations/ros2_sims_ws/install/parameter_tests:/opt/ros/humble _=/usr/bin/env /usr/bin/cmake --install /home/user/ros2_ws/build/my_package
[0.097s] -- Install configuration: ""
[0.098s] -- Up-to-date: /home/user/ros2_ws/install/my_package/share/ament_index/resource_index/package_run_dependencies/my_package
[0.098s] -- Up-to-date: /home/user/ros2_ws/install/my_package/share/ament_index/resource_index/parent_prefix_path/my_package
[0.098s] -- Up-to-date: /home/user/ros2_ws/install/my_package/share/my_package/environment/ament_prefix_path.sh
[0.098s] -- Up-to-date: /home/user/ros2_ws/install/my_package/share/my_package/environment/ament_prefix_path.dsv
[0.098s] -- Up-to-date: /home/user/ros2_ws/install/my_package/share/my_package/environment/path.sh
[0.098s] -- Up-to-date: /home/user/ros2_ws/install/my_package/share/my_package/environment/path.dsv
[0.098s] -- Up-to-date: /home/user/ros2_ws/install/my_package/share/my_package/local_setup.bash
[0.098s] -- Up-to-date: /home/user/ros2_ws/install/my_package/share/my_package/local_setup.sh
[0.098s] -- Up-to-date: /home/user/ros2_ws/install/my_package/share/my_package/local_setup.zsh
[0.099s] -- Up-to-date: /home/user/ros2_ws/install/my_package/share/my_package/local_setup.dsv
[0.099s] -- Up-to-date: /home/user/ros2_ws/install/my_package/share/my_package/package.dsv
[0.099s] -- Up-to-date: /home/user/ros2_ws/install/my_package/share/ament_index/resource_index/packages/my_package
[0.099s] -- Up-to-date: /home/user/ros2_ws/install/my_package/share/my_package/cmake/my_packageConfig.cmake
[0.099s] -- Up-to-date: /home/user/ros2_ws/install/my_package/share/my_package/cmake/my_packageConfig-version.cmake
[0.099s] -- Up-to-date: /home/user/ros2_ws/install/my_package/share/my_package/package.xml
[0.100s] Invoked command in '/home/user/ros2_ws/build/my_package' returned '0': CMAKE_PREFIX_PATH=${CMAKE_PREFIX_PATH}:/home/simulations/ros2_sims_ws/install/services_pkg:/home/simulations/ros2_sims_ws/install/parameter_tests:/opt/ros/humble _=/usr/bin/env /usr/bin/cmake --install /home/user/ros2_ws/build/my_package
