[0.171s] Invoking command in '/home/user/ros2_ws/build/my_package': CMAKE_PREFIX_PATH=${CMAKE_PREFIX_PATH}:/home/simulations/ros2_sims_ws/install/services_pkg:/home/simulations/ros2_sims_ws/install/parameter_tests:/opt/ros/humble _=/usr/bin/env /usr/bin/cmake --build /home/user/ros2_ws/build/my_package -- -j8 -l8
[2.420s] -- Found ament_cmake: 1.3.2 (/opt/ros/humble/share/ament_cmake/cmake)
[2.855s] -- Found rclcpp: 16.0.1 (/opt/ros/humble/share/rclcpp/cmake)
[3.079s] -- Found rosidl_generator_c: 3.1.3 (/opt/ros/humble/share/rosidl_generator_c/cmake)
[3.084s] -- Found rosidl_adapter: 3.1.3 (/opt/ros/humble/share/rosidl_adapter/cmake)
[3.199s] -- Found rosidl_generator_cpp: 3.1.3 (/opt/ros/humble/share/rosidl_generator_cpp/cmake)
[3.222s] -- Using all available rosidl_typesupport_c: rosidl_typesupport_fastrtps_c;rosidl_typesupport_introspection_c
[3.258s] -- Using all available rosidl_typesupport_cpp: rosidl_typesupport_fastrtps_cpp;rosidl_typesupport_introspection_cpp
[3.408s] -- Found rmw_implementation_cmake: 6.1.0 (/opt/ros/humble/share/rmw_implementation_cmake/cmake)
[3.426s] -- Found rmw_fastrtps_cpp: 6.2.1 (/opt/ros/humble/share/rmw_fastrtps_cpp/cmake)
[3.943s] -- Using RMW implementation 'rmw_fastrtps_cpp' as default
[4.165s] -- Found ament_lint_auto: 0.12.4 (/opt/ros/humble/share/ament_lint_auto/cmake)
[4.254s] -- Added test 'cppcheck' to perform static code analysis on C / C++ code
[4.255s] -- Configured cppcheck include dirs: 
[4.255s] -- Configured cppcheck exclude dirs and/or files: 
[4.256s] -- Added test 'flake8' to check Python code syntax and style conventions
[4.257s] -- Added test 'lint_cmake' to check CMake code style
[4.258s] -- Added test 'pep257' to check Python code against some of the docstring style conventions in PEP 257
[4.259s] -- Added test 'uncrustify' to check C / C++ code style
[4.259s] -- Configured uncrustify additional arguments: 
[4.260s] -- Added test 'xmllint' to check XML markup files
[4.262s] -- Configuring done
[4.286s] -- Generating done
[4.289s] -- Build files have been written to: /home/user/ros2_ws/build/my_package
[4.329s] [ 50%] [32mBuilding CXX object CMakeFiles/simple_node.dir/src/simple.cpp.o[0m
[20.182s] [100%] [32m[1mLinking CXX executable simple_node[0m
[21.313s] [100%] Built target simple_node
[21.323s] Invoked command in '/home/user/ros2_ws/build/my_package' returned '0': CMAKE_PREFIX_PATH=${CMAKE_PREFIX_PATH}:/home/simulations/ros2_sims_ws/install/services_pkg:/home/simulations/ros2_sims_ws/install/parameter_tests:/opt/ros/humble _=/usr/bin/env /usr/bin/cmake --build /home/user/ros2_ws/build/my_package -- -j8 -l8
[21.364s] Invoking command in '/home/user/ros2_ws/build/my_package': CMAKE_PREFIX_PATH=${CMAKE_PREFIX_PATH}:/home/simulations/ros2_sims_ws/install/services_pkg:/home/simulations/ros2_sims_ws/install/parameter_tests:/opt/ros/humble _=/usr/bin/env /usr/bin/cmake --install /home/user/ros2_ws/build/my_package
[21.371s] -- Install configuration: ""
[21.371s] -- Installing: /home/user/ros2_ws/install/my_package/lib/my_package/simple_node
[21.372s] -- Set runtime path of "/home/user/ros2_ws/install/my_package/lib/my_package/simple_node" to ""
[21.372s] -- Installing: /home/user/ros2_ws/install/my_package/share/my_package//launch
[21.372s] -- Installing: /home/user/ros2_ws/install/my_package/share/my_package//launch/my_package_launch_file.launch.py
[21.372s] -- Up-to-date: /home/user/ros2_ws/install/my_package/share/ament_index/resource_index/package_run_dependencies/my_package
[21.372s] -- Installing: /home/user/ros2_ws/install/my_package/share/ament_index/resource_index/parent_prefix_path/my_package
[21.372s] -- Up-to-date: /home/user/ros2_ws/install/my_package/share/my_package/environment/ament_prefix_path.sh
[21.372s] -- Installing: /home/user/ros2_ws/install/my_package/share/my_package/environment/ament_prefix_path.dsv
[21.373s] -- Up-to-date: /home/user/ros2_ws/install/my_package/share/my_package/environment/path.sh
[21.373s] -- Installing: /home/user/ros2_ws/install/my_package/share/my_package/environment/path.dsv
[21.373s] -- Up-to-date: /home/user/ros2_ws/install/my_package/share/my_package/local_setup.bash
[21.373s] -- Up-to-date: /home/user/ros2_ws/install/my_package/share/my_package/local_setup.sh
[21.373s] -- Up-to-date: /home/user/ros2_ws/install/my_package/share/my_package/local_setup.zsh
[21.373s] -- Installing: /home/user/ros2_ws/install/my_package/share/my_package/local_setup.dsv
[21.373s] -- Installing: /home/user/ros2_ws/install/my_package/share/my_package/package.dsv
[21.373s] -- Up-to-date: /home/user/ros2_ws/install/my_package/share/ament_index/resource_index/packages/my_package
[21.373s] -- Up-to-date: /home/user/ros2_ws/install/my_package/share/my_package/cmake/my_packageConfig.cmake
[21.373s] -- Up-to-date: /home/user/ros2_ws/install/my_package/share/my_package/cmake/my_packageConfig-version.cmake
[21.374s] -- Up-to-date: /home/user/ros2_ws/install/my_package/share/my_package/package.xml
[21.375s] Invoked command in '/home/user/ros2_ws/build/my_package' returned '0': CMAKE_PREFIX_PATH=${CMAKE_PREFIX_PATH}:/home/simulations/ros2_sims_ws/install/services_pkg:/home/simulations/ros2_sims_ws/install/parameter_tests:/opt/ros/humble _=/usr/bin/env /usr/bin/cmake --install /home/user/ros2_ws/build/my_package
